
  .   ____          _            __ _ _
 /\\ / ___'_ __ _ _(_)_ __  __ _ \ \ \ \
( ( )\___ | '_ | '_| | '_ \/ _` | \ \ \ \
 \\/  ___)| |_)| | | | | || (_| |  ) ) ) )
  '  |____| .__|_| |_|_| |_\__, | / / / /
 =========|_|==============|___/=/_/_/_/
 :: Spring Boot ::               (v2.7.18)

2026-05-17 03:17:08.192  INFO 40596 --- [           main] com.parking.ParkingApplication           : Starting ParkingApplication using Java 1.8.0_432 on LAPTOP-9B0M2TI4 with PID 40596 (C:\Users\BLOVESS\Desktop\±ĎÉč\łµĹĆşĹĂÇ\parking-system\parking-backend\target\classes started by BLOVESS in C:\Users\BLOVESS\Desktop\±ĎÉč\łµĹĆşĹĂÇ\parking-system\parking-backend)
2026-05-17 03:17:08.194  INFO 40596 --- [           main] com.parking.ParkingApplication           : No active profile set, falling back to 1 default profile: "default"
2026-05-17 03:17:09.239  INFO 40596 --- [           main] o.s.b.w.embedded.tomcat.TomcatWebServer  : Tomcat initialized with port(s): 8082 (http)
2026-05-17 03:17:09.247  INFO 40596 --- [           main] o.apache.catalina.core.StandardService   : Starting service [Tomcat]
2026-05-17 03:17:09.247  INFO 40596 --- [           main] org.apache.catalina.core.StandardEngine  : Starting Servlet engine: [Apache Tomcat/9.0.83]
2026-05-17 03:17:09.307  INFO 40596 --- [           main] o.a.c.c.C.[Tomcat].[localhost].[/]       : Initializing Spring embedded WebApplicationContext
2026-05-17 03:17:09.307  INFO 40596 --- [           main] w.s.c.ServletWebServerApplicationContext : Root WebApplicationContext: initialization completed in 1084 ms
Logging initialized using 'class org.apache.ibatis.logging.stdout.StdOutImpl' adapter.
Property 'mapperLocations' was not specified.
 _ _   |_  _ _|_. ___ _ |    _ 
| | |\/|_)(_| | |_\  |_)||_|_\ 
     /               |         
                        3.5.3.1 
2026-05-17 03:17:10.524  INFO 40596 --- [           main] o.s.b.w.embedded.tomcat.TomcatWebServer  : Tomcat started on port(s): 8082 (http) with context path ''
2026-05-17 03:17:10.529  INFO 40596 --- [           main] com.parking.ParkingApplication           : Started ParkingApplication in 2.599 seconds (JVM running for 2.84)
2026-05-17 03:17:10.736  INFO 40596 --- [nio-8082-exec-2] o.a.c.c.C.[Tomcat].[localhost].[/]       : Initializing Spring DispatcherServlet 'dispatcherServlet'
2026-05-17 03:17:10.736  INFO 40596 --- [nio-8082-exec-2] o.s.web.servlet.DispatcherServlet        : Initializing Servlet 'dispatcherServlet'
2026-05-17 03:17:10.737  INFO 40596 --- [nio-8082-exec-2] o.s.web.servlet.DispatcherServlet        : Completed initialization in 1 ms
Creating a new SqlSession
SqlSession [org.apache.ibatis.session.defaults.DefaultSqlSession@70d27e84] was not registered for synchronization because synchronization is not active
2026-05-17 03:17:10.839  INFO 40596 --- [nio-8082-exec-1] com.zaxxer.hikari.HikariDataSource       : HikariPool-1 - Starting...
2026-05-17 03:17:10.936  INFO 40596 --- [nio-8082-exec-1] com.zaxxer.hikari.HikariDataSource       : HikariPool-1 - Start completed.
JDBC Connection [HikariProxyConnection@356712736 wrapping com.mysql.cj.jdbc.ConnectionImpl@35c8efa8] will not be managed by Spring
==>  Preparing: SELECT id,plate_number,space_id,entry_time,exit_time,status FROM parking_record ORDER BY id DESC
==> Parameters: 
<==    Columns: id, plate_number, space_id, entry_time, exit_time, status
<==        Row: 67, ÓĺBFU871, null, 2026-05-17 03:14:45, null, 0
<==        Row: 66, ÓĺBFU871, null, 2026-05-17 03:14:42, null, 0
<==        Row: 65, ÓĺBFU871, 3, 2026-05-17 03:14:40, null, 0
<==        Row: 64, Ľ˝T15888, null, 2026-05-17 02:44:02, 2026-05-17 03:14:37, 1
<==        Row: 63, Ľ˝T15888, null, 2026-05-17 02:43:59, null, 0
<==        Row: 62, Ľ˝T15888, null, 2026-05-17 02:43:56, null, 0
<==        Row: 61, Ľ˝T15888, null, 2026-05-17 02:43:48, null, 0
<==        Row: 60, Ľ˝T15888, 84, 2026-05-17 02:43:45, null, 0
<==      Total: 8
Closing non transactional SqlSession [org.apache.ibatis.session.defaults.DefaultSqlSession@70d27e84]
Creating a new SqlSession
SqlSession [org.apache.ibatis.session.defaults.DefaultSqlSession@6bc56609] was not registered for synchronization because synchronization is not active
JDBC Connection [HikariProxyConnection@1350093880 wrapping com.mysql.cj.jdbc.ConnectionImpl@35c8efa8] will not be managed by Spring
==>  Preparing: SELECT id,record_id,amount,pay_status,create_time FROM parking_order WHERE (record_id = ?)
==> Parameters: 67(Long)
<==    Columns: id, record_id, amount, pay_status, create_time
<==        Row: 67, 67, 0.00, 0, 2026-05-17 03:14:44
<==      Total: 1
Closing non transactional SqlSession [org.apache.ibatis.session.defaults.DefaultSqlSession@6bc56609]
Creating a new SqlSession
SqlSession [org.apache.ibatis.session.defaults.DefaultSqlSession@1899cea2] was not registered for synchronization because synchronization is not active
JDBC Connection [HikariProxyConnection@2019810457 wrapping com.mysql.cj.jdbc.ConnectionImpl@35c8efa8] will not be managed by Spring
==>  Preparing: SELECT id,record_id,amount,pay_status,create_time FROM parking_order WHERE (record_id = ?)
==> Parameters: 66(Long)
<==    Columns: id, record_id, amount, pay_status, create_time
<==        Row: 66, 66, 0.00, 0, 2026-05-17 03:14:41
<==      Total: 1
Closing non transactional SqlSession [org.apache.ibatis.session.defaults.DefaultSqlSession@1899cea2]
Creating a new SqlSession
SqlSession [org.apache.ibatis.session.defaults.DefaultSqlSession@168eac11] was not registered for synchronization because synchronization is not active
JDBC Connection [HikariProxyConnection@651495223 wrapping com.mysql.cj.jdbc.ConnectionImpl@35c8efa8] will not be managed by Spring
==>  Preparing: SELECT id,record_id,amount,pay_status,create_time FROM parking_order WHERE (record_id = ?)
==> Parameters: 65(Long)
<==    Columns: id, record_id, amount, pay_status, create_time
<==        Row: 65, 65, 0.00, 0, 2026-05-17 03:14:40
<==      Total: 1
Closing non transactional SqlSession [org.apache.ibatis.session.defaults.DefaultSqlSession@168eac11]
Creating a new SqlSession
SqlSession [org.apache.ibatis.session.defaults.DefaultSqlSession@24674e0f] was not registered for synchronization because synchronization is not active
JDBC Connection [HikariProxyConnection@713365771 wrapping com.mysql.cj.jdbc.ConnectionImpl@35c8efa8] will not be managed by Spring
==>  Preparing: SELECT id,record_id,amount,pay_status,create_time FROM parking_order WHERE (record_id = ?)
==> Parameters: 64(Long)
<==    Columns: id, record_id, amount, pay_status, create_time
<==        Row: 64, 64, 0.00, 1, 2026-05-17 02:44:01
<==      Total: 1
Closing non transactional SqlSession [org.apache.ibatis.session.defaults.DefaultSqlSession@24674e0f]
Creating a new SqlSession
SqlSession [org.apache.ibatis.session.defaults.DefaultSqlSession@3bb1ed0c] was not registered for synchronization because synchronization is not active
JDBC Connection [HikariProxyConnection@196622765 wrapping com.mysql.cj.jdbc.ConnectionImpl@35c8efa8] will not be managed by Spring
==>  Preparing: SELECT id,record_id,amount,pay_status,create_time FROM parking_order WHERE (record_id = ?)
==> Parameters: 63(Long)
<==    Columns: id, record_id, amount, pay_status, create_time
<==        Row: 63, 63, 0.00, 1, 2026-05-17 02:43:58
<==      Total: 1
Closing non transactional SqlSession [org.apache.ibatis.session.defaults.DefaultSqlSession@3bb1ed0c]
Creating a new SqlSession
SqlSession [org.apache.ibatis.session.defaults.DefaultSqlSession@5c489059] was not registered for synchronization because synchronization is not active
JDBC Connection [HikariProxyConnection@1755701073 wrapping com.mysql.cj.jdbc.ConnectionImpl@35c8efa8] will not be managed by Spring
==>  Preparing: SELECT id,record_id,amount,pay_status,create_time FROM parking_order WHERE (record_id = ?)
==> Parameters: 62(Long)
<==    Columns: id, record_id, amount, pay_status, create_time
<==        Row: 62, 62, 0.00, 1, 2026-05-17 02:43:56
<==      Total: 1
Closing non transactional SqlSession [org.apache.ibatis.session.defaults.DefaultSqlSession@5c489059]
Creating a new SqlSession
SqlSession [org.apache.ibatis.session.defaults.DefaultSqlSession@6f967af4] was not registered for synchronization because synchronization is not active
JDBC Connection [HikariProxyConnection@2009392391 wrapping com.mysql.cj.jdbc.ConnectionImpl@35c8efa8] will not be managed by Spring
==>  Preparing: SELECT id,record_id,amount,pay_status,create_time FROM parking_order WHERE (record_id = ?)
==> Parameters: 61(Long)
<==    Columns: id, record_id, amount, pay_status, create_time
<==        Row: 61, 61, 0.00, 1, 2026-05-17 02:43:47
<==      Total: 1
Closing non transactional SqlSession [org.apache.ibatis.session.defaults.DefaultSqlSession@6f967af4]
Creating a new SqlSession
SqlSession [org.apache.ibatis.session.defaults.DefaultSqlSession@44877445] was not registered for synchronization because synchronization is not active
JDBC Connection [HikariProxyConnection@404416507 wrapping com.mysql.cj.jdbc.ConnectionImpl@35c8efa8] will not be managed by Spring
==>  Preparing: SELECT id,record_id,amount,pay_status,create_time FROM parking_order WHERE (record_id = ?)
==> Parameters: 60(Long)
<==    Columns: id, record_id, amount, pay_status, create_time
<==        Row: 60, 60, 0.00, 1, 2026-05-17 02:43:44
<==      Total: 1
Closing non transactional SqlSession [org.apache.ibatis.session.defaults.DefaultSqlSession@44877445]
Creating a new SqlSession
SqlSession [org.apache.ibatis.session.defaults.DefaultSqlSession@422bc4b9] was not registered for synchronization because synchronization is not active
JDBC Connection [HikariProxyConnection@1290543756 wrapping com.mysql.cj.jdbc.ConnectionImpl@35c8efa8] will not be managed by Spring
==>  Preparing: SELECT id,plate_number,space_id,entry_time,exit_time,status FROM parking_record ORDER BY id DESC
==> Parameters: 
<==    Columns: id, plate_number, space_id, entry_time, exit_time, status
<==        Row: 67, ÓĺBFU871, null, 2026-05-17 03:14:45, null, 0
<==        Row: 66, ÓĺBFU871, null, 2026-05-17 03:14:42, null, 0
<==        Row: 65, ÓĺBFU871, 3, 2026-05-17 03:14:40, null, 0
<==        Row: 64, Ľ˝T15888, null, 2026-05-17 02:44:02, 2026-05-17 03:14:37, 1
<==        Row: 63, Ľ˝T15888, null, 2026-05-17 02:43:59, null, 0
<==        Row: 62, Ľ˝T15888, null, 2026-05-17 02:43:56, null, 0
<==        Row: 61, Ľ˝T15888, null, 2026-05-17 02:43:48, null, 0
<==        Row: 60, Ľ˝T15888, 84, 2026-05-17 02:43:45, null, 0
<==      Total: 8
Closing non transactional SqlSession [org.apache.ibatis.session.defaults.DefaultSqlSession@422bc4b9]
Creating a new SqlSession
SqlSession [org.apache.ibatis.session.defaults.DefaultSqlSession@6deccc94] was not registered for synchronization because synchronization is not active
JDBC Connection [HikariProxyConnection@1927943685 wrapping com.mysql.cj.jdbc.ConnectionImpl@35c8efa8] will not be managed by Spring
==>  Preparing: SELECT id,record_id,amount,pay_status,create_time FROM parking_order WHERE (record_id = ?)
==> Parameters: 67(Long)
<==    Columns: id, record_id, amount, pay_status, create_time
<==        Row: 67, 67, 0.00, 0, 2026-05-17 03:14:44
<==      Total: 1
Closing non transactional SqlSession [org.apache.ibatis.session.defaults.DefaultSqlSession@6deccc94]
Creating a new SqlSession
SqlSession [org.apache.ibatis.session.defaults.DefaultSqlSession@4d044c0a] was not registered for synchronization because synchronization is not active
JDBC Connection [HikariProxyConnection@1183293778 wrapping com.mysql.cj.jdbc.ConnectionImpl@35c8efa8] will not be managed by Spring
==>  Preparing: SELECT id,record_id,amount,pay_status,create_time FROM parking_order WHERE (record_id = ?)
==> Parameters: 66(Long)
<==    Columns: id, record_id, amount, pay_status, create_time
<==        Row: 66, 66, 0.00, 0, 2026-05-17 03:14:41
<==      Total: 1
Closing non transactional SqlSession [org.apache.ibatis.session.defaults.DefaultSqlSession@4d044c0a]
Creating a new SqlSession
SqlSession [org.apache.ibatis.session.defaults.DefaultSqlSession@fd1f267] was not registered for synchronization because synchronization is not active
JDBC Connection [HikariProxyConnection@1624939403 wrapping com.mysql.cj.jdbc.ConnectionImpl@35c8efa8] will not be managed by Spring
==>  Preparing: SELECT id,record_id,amount,pay_status,create_time FROM parking_order WHERE (record_id = ?)
==> Parameters: 65(Long)
<==    Columns: id, record_id, amount, pay_status, create_time
<==        Row: 65, 65, 0.00, 0, 2026-05-17 03:14:40
<==      Total: 1
Closing non transactional SqlSession [org.apache.ibatis.session.defaults.DefaultSqlSession@fd1f267]
Creating a new SqlSession
SqlSession [org.apache.ibatis.session.defaults.DefaultSqlSession@124bf2a] was not registered for synchronization because synchronization is not active
JDBC Connection [HikariProxyConnection@23476131 wrapping com.mysql.cj.jdbc.ConnectionImpl@35c8efa8] will not be managed by Spring
==>  Preparing: SELECT id,record_id,amount,pay_status,create_time FROM parking_order WHERE (record_id = ?)
==> Parameters: 64(Long)
<==    Columns: id, record_id, amount, pay_status, create_time
<==        Row: 64, 64, 0.00, 1, 2026-05-17 02:44:01
<==      Total: 1
Closing non transactional SqlSession [org.apache.ibatis.session.defaults.DefaultSqlSession@124bf2a]
Creating a new SqlSession
SqlSession [org.apache.ibatis.session.defaults.DefaultSqlSession@4f5da43d] was not registered for synchronization because synchronization is not active
JDBC Connection [HikariProxyConnection@1805946643 wrapping com.mysql.cj.jdbc.ConnectionImpl@35c8efa8] will not be managed by Spring
==>  Preparing: SELECT id,record_id,amount,pay_status,create_time FROM parking_order WHERE (record_id = ?)
==> Parameters: 63(Long)
<==    Columns: id, record_id, amount, pay_status, create_time
<==        Row: 63, 63, 0.00, 1, 2026-05-17 02:43:58
<==      Total: 1
Closing non transactional SqlSession [org.apache.ibatis.session.defaults.DefaultSqlSession@4f5da43d]
Creating a new SqlSession
SqlSession [org.apache.ibatis.session.defaults.DefaultSqlSession@6b414cdd] was not registered for synchronization because synchronization is not active
JDBC Connection [HikariProxyConnection@1616590449 wrapping com.mysql.cj.jdbc.ConnectionImpl@35c8efa8] will not be managed by Spring
==>  Preparing: SELECT id,record_id,amount,pay_status,create_time FROM parking_order WHERE (record_id = ?)
==> Parameters: 62(Long)
<==    Columns: id, record_id, amount, pay_status, create_time
<==        Row: 62, 62, 0.00, 1, 2026-05-17 02:43:56
<==      Total: 1
Closing non transactional SqlSession [org.apache.ibatis.session.defaults.DefaultSqlSession@6b414cdd]
Creating a new SqlSession
SqlSession [org.apache.ibatis.session.defaults.DefaultSqlSession@55d1ddf7] was not registered for synchronization because synchronization is not active
JDBC Connection [HikariProxyConnection@978126960 wrapping com.mysql.cj.jdbc.ConnectionImpl@35c8efa8] will not be managed by Spring
==>  Preparing: SELECT id,record_id,amount,pay_status,create_time FROM parking_order WHERE (record_id = ?)
==> Parameters: 61(Long)
<==    Columns: id, record_id, amount, pay_status, create_time
<==        Row: 61, 61, 0.00, 1, 2026-05-17 02:43:47
<==      Total: 1
Closing non transactional SqlSession [org.apache.ibatis.session.defaults.DefaultSqlSession@55d1ddf7]
Creating a new SqlSession
SqlSession [org.apache.ibatis.session.defaults.DefaultSqlSession@94198c8] was not registered for synchronization because synchronization is not active
JDBC Connection [HikariProxyConnection@16277214 wrapping com.mysql.cj.jdbc.ConnectionImpl@35c8efa8] will not be managed by Spring
==>  Preparing: SELECT id,record_id,amount,pay_status,create_time FROM parking_order WHERE (record_id = ?)
==> Parameters: 60(Long)
<==    Columns: id, record_id, amount, pay_status, create_time
<==        Row: 60, 60, 0.00, 1, 2026-05-17 02:43:44
<==      Total: 1
Closing non transactional SqlSession [org.apache.ibatis.session.defaults.DefaultSqlSession@94198c8]
Creating a new SqlSession
SqlSession [org.apache.ibatis.session.defaults.DefaultSqlSession@56f7c9a3] was not registered for synchronization because synchronization is not active
JDBC Connection [HikariProxyConnection@1479552269 wrapping com.mysql.cj.jdbc.ConnectionImpl@35c8efa8] will not be managed by Spring
==>  Preparing: SELECT id,plate_number,space_id,entry_time,exit_time,status FROM parking_record ORDER BY id DESC
==> Parameters: 
<==    Columns: id, plate_number, space_id, entry_time, exit_time, status
<==        Row: 67, ÓĺBFU871, null, 2026-05-17 03:14:45, null, 0
<==        Row: 66, ÓĺBFU871, null, 2026-05-17 03:14:42, null, 0
<==        Row: 65, ÓĺBFU871, 3, 2026-05-17 03:14:40, null, 0
<==        Row: 64, Ľ˝T15888, null, 2026-05-17 02:44:02, 2026-05-17 03:14:37, 1
<==        Row: 63, Ľ˝T15888, null, 2026-05-17 02:43:59, null, 0
<==        Row: 62, Ľ˝T15888, null, 2026-05-17 02:43:56, null, 0
<==        Row: 61, Ľ˝T15888, null, 2026-05-17 02:43:48, null, 0
<==        Row: 60, Ľ˝T15888, 84, 2026-05-17 02:43:45, null, 0
<==      Total: 8
Closing non transactional SqlSession [org.apache.ibatis.session.defaults.DefaultSqlSession@56f7c9a3]
Creating a new SqlSession
SqlSession [org.apache.ibatis.session.defaults.DefaultSqlSession@190d2736] was not registered for synchronization because synchronization is not active
JDBC Connection [HikariProxyConnection@1910460261 wrapping com.mysql.cj.jdbc.ConnectionImpl@35c8efa8] will not be managed by Spring
==>  Preparing: SELECT id,record_id,amount,pay_status,create_time FROM parking_order WHERE (record_id = ?)
==> Parameters: 67(Long)
<==    Columns: id, record_id, amount, pay_status, create_time
<==        Row: 67, 67, 0.00, 0, 2026-05-17 03:14:44
<==      Total: 1
Closing non transactional SqlSession [org.apache.ibatis.session.defaults.DefaultSqlSession@190d2736]
Creating a new SqlSession
SqlSession [org.apache.ibatis.session.defaults.DefaultSqlSession@9666af4] was not registered for synchronization because synchronization is not active
JDBC Connection [HikariProxyConnection@2032326777 wrapping com.mysql.cj.jdbc.ConnectionImpl@35c8efa8] will not be managed by Spring
==>  Preparing: SELECT id,record_id,amount,pay_status,create_time FROM parking_order WHERE (record_id = ?)
==> Parameters: 66(Long)
<==    Columns: id, record_id, amount, pay_status, create_time
<==        Row: 66, 66, 0.00, 0, 2026-05-17 03:14:41
<==      Total: 1
Closing non transactional SqlSession [org.apache.ibatis.session.defaults.DefaultSqlSession@9666af4]
Creating a new SqlSession
SqlSession [org.apache.ibatis.session.defaults.DefaultSqlSession@28e958e4] was not registered for synchronization because synchronization is not active
JDBC Connection [HikariProxyConnection@308455111 wrapping com.mysql.cj.jdbc.ConnectionImpl@35c8efa8] will not be managed by Spring
==>  Preparing: SELECT id,record_id,amount,pay_status,create_time FROM parking_order WHERE (record_id = ?)
==> Parameters: 65(Long)
<==    Columns: id, record_id, amount, pay_status, create_time
<==        Row: 65, 65, 0.00, 0, 2026-05-17 03:14:40
<==      Total: 1
Closing non transactional SqlSession [org.apache.ibatis.session.defaults.DefaultSqlSession@28e958e4]
Creating a new SqlSession
SqlSession [org.apache.ibatis.session.defaults.DefaultSqlSession@675999ec] was not registered for synchronization because synchronization is not active
JDBC Connection [HikariProxyConnection@85312411 wrapping com.mysql.cj.jdbc.ConnectionImpl@35c8efa8] will not be managed by Spring
==>  Preparing: SELECT id,record_id,amount,pay_status,create_time FROM parking_order WHERE (record_id = ?)
==> Parameters: 64(Long)
<==    Columns: id, record_id, amount, pay_status, create_time
<==        Row: 64, 64, 0.00, 1, 2026-05-17 02:44:01
<==      Total: 1
Closing non transactional SqlSession [org.apache.ibatis.session.defaults.DefaultSqlSession@675999ec]
Creating a new SqlSession
SqlSession [org.apache.ibatis.session.defaults.DefaultSqlSession@1d9a0f8f] was not registered for synchronization because synchronization is not active
JDBC Connection [HikariProxyConnection@916943657 wrapping com.mysql.cj.jdbc.ConnectionImpl@35c8efa8] will not be managed by Spring
==>  Preparing: SELECT id,record_id,amount,pay_status,create_time FROM parking_order WHERE (record_id = ?)
==> Parameters: 63(Long)
<==    Columns: id, record_id, amount, pay_status, create_time
<==        Row: 63, 63, 0.00, 1, 2026-05-17 02:43:58
<==      Total: 1
Closing non transactional SqlSession [org.apache.ibatis.session.defaults.DefaultSqlSession@1d9a0f8f]
Creating a new SqlSession
SqlSession [org.apache.ibatis.session.defaults.DefaultSqlSession@2f3af0b4] was not registered for synchronization because synchronization is not active
JDBC Connection [HikariProxyConnection@1653695659 wrapping com.mysql.cj.jdbc.ConnectionImpl@35c8efa8] will not be managed by Spring
==>  Preparing: SELECT id,record_id,amount,pay_status,create_time FROM parking_order WHERE (record_id = ?)
==> Parameters: 62(Long)
<==    Columns: id, record_id, amount, pay_status, create_time
<==        Row: 62, 62, 0.00, 1, 2026-05-17 02:43:56
<==      Total: 1
Closing non transactional SqlSession [org.apache.ibatis.session.defaults.DefaultSqlSession@2f3af0b4]
Creating a new SqlSession
SqlSession [org.apache.ibatis.session.defaults.DefaultSqlSession@592ad1ed] was not registered for synchronization because synchronization is not active
JDBC Connection [HikariProxyConnection@560801068 wrapping com.mysql.cj.jdbc.ConnectionImpl@35c8efa8] will not be managed by Spring
==>  Preparing: SELECT id,record_id,amount,pay_status,create_time FROM parking_order WHERE (record_id = ?)
==> Parameters: 61(Long)
<==    Columns: id, record_id, amount, pay_status, create_time
<==        Row: 61, 61, 0.00, 1, 2026-05-17 02:43:47
<==      Total: 1
Closing non transactional SqlSession [org.apache.ibatis.session.defaults.DefaultSqlSession@592ad1ed]
Creating a new SqlSession
SqlSession [org.apache.ibatis.session.defaults.DefaultSqlSession@3481484e] was not registered for synchronization because synchronization is not active
JDBC Connection [HikariProxyConnection@1001079434 wrapping com.mysql.cj.jdbc.ConnectionImpl@35c8efa8] will not be managed by Spring
==>  Preparing: SELECT id,record_id,amount,pay_status,create_time FROM parking_order WHERE (record_id = ?)
==> Parameters: 60(Long)
<==    Columns: id, record_id, amount, pay_status, create_time
<==        Row: 60, 60, 0.00, 1, 2026-05-17 02:43:44
<==      Total: 1
Closing non transactional SqlSession [org.apache.ibatis.session.defaults.DefaultSqlSession@3481484e]
Creating a new SqlSession
SqlSession [org.apache.ibatis.session.defaults.DefaultSqlSession@6391e48e] was not registered for synchronization because synchronization is not active
JDBC Connection [HikariProxyConnection@1834354316 wrapping com.mysql.cj.jdbc.ConnectionImpl@35c8efa8] will not be managed by Spring
==>  Preparing: SELECT id,plate_number,space_id,entry_time,exit_time,status FROM parking_record ORDER BY id DESC
==> Parameters: 
<==    Columns: id, plate_number, space_id, entry_time, exit_time, status
<==        Row: 67, ÓĺBFU871, null, 2026-05-17 03:14:45, null, 0
<==        Row: 66, ÓĺBFU871, null, 2026-05-17 03:14:42, null, 0
<==        Row: 65, ÓĺBFU871, 3, 2026-05-17 03:14:40, null, 0
<==        Row: 64, Ľ˝T15888, null, 2026-05-17 02:44:02, 2026-05-17 03:14:37, 1
<==        Row: 63, Ľ˝T15888, null, 2026-05-17 02:43:59, null, 0
<==        Row: 62, Ľ˝T15888, null, 2026-05-17 02:43:56, null, 0
<==        Row: 61, Ľ˝T15888, null, 2026-05-17 02:43:48, null, 0
<==        Row: 60, Ľ˝T15888, 84, 2026-05-17 02:43:45, null, 0
<==      Total: 8
Closing non transactional SqlSession [org.apache.ibatis.session.defaults.DefaultSqlSession@6391e48e]
Creating a new SqlSession
SqlSession [org.apache.ibatis.session.defaults.DefaultSqlSession@2c6b0cb7] was not registered for synchronization because synchronization is not active
JDBC Connection [HikariProxyConnection@1085417504 wrapping com.mysql.cj.jdbc.ConnectionImpl@35c8efa8] will not be managed by Spring
==>  Preparing: SELECT id,record_id,amount,pay_status,create_time FROM parking_order WHERE (record_id = ?)
==> Parameters: 67(Long)
<==    Columns: id, record_id, amount, pay_status, create_time
<==        Row: 67, 67, 0.00, 0, 2026-05-17 03:14:44
<==      Total: 1
Closing non transactional SqlSession [org.apache.ibatis.session.defaults.DefaultSqlSession@2c6b0cb7]
Creating a new SqlSession
SqlSession [org.apache.ibatis.session.defaults.DefaultSqlSession@383e5efc] was not registered for synchronization because synchronization is not active
JDBC Connection [HikariProxyConnection@1279587320 wrapping com.mysql.cj.jdbc.ConnectionImpl@35c8efa8] will not be managed by Spring
==>  Preparing: SELECT id,record_id,amount,pay_status,create_time FROM parking_order WHERE (record_id = ?)
==> Parameters: 66(Long)
<==    Columns: id, record_id, amount, pay_status, create_time
<==        Row: 66, 66, 0.00, 0, 2026-05-17 03:14:41
<==      Total: 1
Closing non transactional SqlSession [org.apache.ibatis.session.defaults.DefaultSqlSession@383e5efc]
Creating a new SqlSession
SqlSession [org.apache.ibatis.session.defaults.DefaultSqlSession@69b9ddcc] was not registered for synchronization because synchronization is not active
JDBC Connection [HikariProxyConnection@591050681 wrapping com.mysql.cj.jdbc.ConnectionImpl@35c8efa8] will not be managed by Spring
==>  Preparing: SELECT id,record_id,amount,pay_status,create_time FROM parking_order WHERE (record_id = ?)
==> Parameters: 65(Long)
<==    Columns: id, record_id, amount, pay_status, create_time
<==        Row: 65, 65, 0.00, 0, 2026-05-17 03:14:40
<==      Total: 1
Closing non transactional SqlSession [org.apache.ibatis.session.defaults.DefaultSqlSession@69b9ddcc]
Creating a new SqlSession
SqlSession [org.apache.ibatis.session.defaults.DefaultSqlSession@64cb5e9d] was not registered for synchronization because synchronization is not active
JDBC Connection [HikariProxyConnection@1136375925 wrapping com.mysql.cj.jdbc.ConnectionImpl@35c8efa8] will not be managed by Spring
==>  Preparing: SELECT id,record_id,amount,pay_status,create_time FROM parking_order WHERE (record_id = ?)
==> Parameters: 64(Long)
<==    Columns: id, record_id, amount, pay_status, create_time
<==        Row: 64, 64, 0.00, 1, 2026-05-17 02:44:01
<==      Total: 1
Closing non transactional SqlSession [org.apache.ibatis.session.defaults.DefaultSqlSession@64cb5e9d]
Creating a new SqlSession
SqlSession [org.apache.ibatis.session.defaults.DefaultSqlSession@2f02ff9b] was not registered for synchronization because synchronization is not active
JDBC Connection [HikariProxyConnection@285438800 wrapping com.mysql.cj.jdbc.ConnectionImpl@35c8efa8] will not be managed by Spring
==>  Preparing: SELECT id,record_id,amount,pay_status,create_time FROM parking_order WHERE (record_id = ?)
==> Parameters: 63(Long)
<==    Columns: id, record_id, amount, pay_status, create_time
<==        Row: 63, 63, 0.00, 1, 2026-05-17 02:43:58
<==      Total: 1
Closing non transactional SqlSession [org.apache.ibatis.session.defaults.DefaultSqlSession@2f02ff9b]
Creating a new SqlSession
SqlSession [org.apache.ibatis.session.defaults.DefaultSqlSession@688e6c45] was not registered for synchronization because synchronization is not active
JDBC Connection [HikariProxyConnection@1346939112 wrapping com.mysql.cj.jdbc.ConnectionImpl@35c8efa8] will not be managed by Spring
==>  Preparing: SELECT id,record_id,amount,pay_status,create_time FROM parking_order WHERE (record_id = ?)
==> Parameters: 62(Long)
<==    Columns: id, record_id, amount, pay_status, create_time
<==        Row: 62, 62, 0.00, 1, 2026-05-17 02:43:56
<==      Total: 1
Closing non transactional SqlSession [org.apache.ibatis.session.defaults.DefaultSqlSession@688e6c45]
Creating a new SqlSession
SqlSession [org.apache.ibatis.session.defaults.DefaultSqlSession@7d515fbd] was not registered for synchronization because synchronization is not active
JDBC Connection [HikariProxyConnection@1713829910 wrapping com.mysql.cj.jdbc.ConnectionImpl@35c8efa8] will not be managed by Spring
==>  Preparing: SELECT id,record_id,amount,pay_status,create_time FROM parking_order WHERE (record_id = ?)
==> Parameters: 61(Long)
<==    Columns: id, record_id, amount, pay_status, create_time
<==        Row: 61, 61, 0.00, 1, 2026-05-17 02:43:47
<==      Total: 1
Closing non transactional SqlSession [org.apache.ibatis.session.defaults.DefaultSqlSession@7d515fbd]
Creating a new SqlSession
SqlSession [org.apache.ibatis.session.defaults.DefaultSqlSession@77a1dc2f] was not registered for synchronization because synchronization is not active
JDBC Connection [HikariProxyConnection@16435665 wrapping com.mysql.cj.jdbc.ConnectionImpl@35c8efa8] will not be managed by Spring
==>  Preparing: SELECT id,record_id,amount,pay_status,create_time FROM parking_order WHERE (record_id = ?)
==> Parameters: 60(Long)
<==    Columns: id, record_id, amount, pay_status, create_time
<==        Row: 60, 60, 0.00, 1, 2026-05-17 02:43:44
<==      Total: 1
Closing non transactional SqlSession [org.apache.ibatis.session.defaults.DefaultSqlSession@77a1dc2f]
Creating a new SqlSession
SqlSession [org.apache.ibatis.session.defaults.DefaultSqlSession@326eef2c] was not registered for synchronization because synchronization is not active
JDBC Connection [HikariProxyConnection@1017710353 wrapping com.mysql.cj.jdbc.ConnectionImpl@35c8efa8] will not be managed by Spring
==>  Preparing: SELECT id,plate_number,space_id,entry_time,exit_time,status FROM parking_record ORDER BY id DESC
==> Parameters: 
<==    Columns: id, plate_number, space_id, entry_time, exit_time, status
<==        Row: 67, ÓĺBFU871, null, 2026-05-17 03:14:45, null, 0
<==        Row: 66, ÓĺBFU871, null, 2026-05-17 03:14:42, null, 0
<==        Row: 65, ÓĺBFU871, 3, 2026-05-17 03:14:40, null, 0
<==        Row: 64, Ľ˝T15888, null, 2026-05-17 02:44:02, 2026-05-17 03:14:37, 1
<==        Row: 63, Ľ˝T15888, null, 2026-05-17 02:43:59, null, 0
<==        Row: 62, Ľ˝T15888, null, 2026-05-17 02:43:56, null, 0
<==        Row: 61, Ľ˝T15888, null, 2026-05-17 02:43:48, null, 0
<==        Row: 60, Ľ˝T15888, 84, 2026-05-17 02:43:45, null, 0
<==      Total: 8
Closing non transactional SqlSession [org.apache.ibatis.session.defaults.DefaultSqlSession@326eef2c]
Creating a new SqlSession
SqlSession [org.apache.ibatis.session.defaults.DefaultSqlSession@7d940d2a] was not registered for synchronization because synchronization is not active
JDBC Connection [HikariProxyConnection@944151099 wrapping com.mysql.cj.jdbc.ConnectionImpl@35c8efa8] will not be managed by Spring
==>  Preparing: SELECT id,record_id,amount,pay_status,create_time FROM parking_order WHERE (record_id = ?)
==> Parameters: 67(Long)
<==    Columns: id, record_id, amount, pay_status, create_time
<==        Row: 67, 67, 0.00, 0, 2026-05-17 03:14:44
<==      Total: 1
Closing non transactional SqlSession [org.apache.ibatis.session.defaults.DefaultSqlSession@7d940d2a]
Creating a new SqlSession
SqlSession [org.apache.ibatis.session.defaults.DefaultSqlSession@409b5a01] was not registered for synchronization because synchronization is not active
JDBC Connection [HikariProxyConnection@498856549 wrapping com.mysql.cj.jdbc.ConnectionImpl@35c8efa8] will not be managed by Spring
==>  Preparing: SELECT id,record_id,amount,pay_status,create_time FROM parking_order WHERE (record_id = ?)
==> Parameters: 66(Long)
<==    Columns: id, record_id, amount, pay_status, create_time
<==        Row: 66, 66, 0.00, 0, 2026-05-17 03:14:41
<==      Total: 1
Closing non transactional SqlSession [org.apache.ibatis.session.defaults.DefaultSqlSession@409b5a01]
Creating a new SqlSession
SqlSession [org.apache.ibatis.session.defaults.DefaultSqlSession@414ef3c9] was not registered for synchronization because synchronization is not active
JDBC Connection [HikariProxyConnection@1537209011 wrapping com.mysql.cj.jdbc.ConnectionImpl@35c8efa8] will not be managed by Spring
==>  Preparing: SELECT id,record_id,amount,pay_status,create_time FROM parking_order WHERE (record_id = ?)
==> Parameters: 65(Long)
<==    Columns: id, record_id, amount, pay_status, create_time
<==        Row: 65, 65, 0.00, 0, 2026-05-17 03:14:40
<==      Total: 1
Closing non transactional SqlSession [org.apache.ibatis.session.defaults.DefaultSqlSession@414ef3c9]
Creating a new SqlSession
SqlSession [org.apache.ibatis.session.defaults.DefaultSqlSession@9e06186] was not registered for synchronization because synchronization is not active
JDBC Connection [HikariProxyConnection@1065749448 wrapping com.mysql.cj.jdbc.ConnectionImpl@35c8efa8] will not be managed by Spring
==>  Preparing: SELECT id,record_id,amount,pay_status,create_time FROM parking_order WHERE (record_id = ?)
==> Parameters: 64(Long)
<==    Columns: id, record_id, amount, pay_status, create_time
<==        Row: 64, 64, 0.00, 1, 2026-05-17 02:44:01
<==      Total: 1
Closing non transactional SqlSession [org.apache.ibatis.session.defaults.DefaultSqlSession@9e06186]
Creating a new SqlSession
SqlSession [org.apache.ibatis.session.defaults.DefaultSqlSession@2a372208] was not registered for synchronization because synchronization is not active
JDBC Connection [HikariProxyConnection@550603417 wrapping com.mysql.cj.jdbc.ConnectionImpl@35c8efa8] will not be managed by Spring
==>  Preparing: SELECT id,record_id,amount,pay_status,create_time FROM parking_order WHERE (record_id = ?)
==> Parameters: 63(Long)
<==    Columns: id, record_id, amount, pay_status, create_time
<==        Row: 63, 63, 0.00, 1, 2026-05-17 02:43:58
<==      Total: 1
Closing non transactional SqlSession [org.apache.ibatis.session.defaults.DefaultSqlSession@2a372208]
Creating a new SqlSession
SqlSession [org.apache.ibatis.session.defaults.DefaultSqlSession@7711b365] was not registered for synchronization because synchronization is not active
JDBC Connection [HikariProxyConnection@1680210157 wrapping com.mysql.cj.jdbc.ConnectionImpl@35c8efa8] will not be managed by Spring
==>  Preparing: SELECT id,record_id,amount,pay_status,create_time FROM parking_order WHERE (record_id = ?)
==> Parameters: 62(Long)
<==    Columns: id, record_id, amount, pay_status, create_time
<==        Row: 62, 62, 0.00, 1, 2026-05-17 02:43:56
<==      Total: 1
Closing non transactional SqlSession [org.apache.ibatis.session.defaults.DefaultSqlSession@7711b365]
Creating a new SqlSession
SqlSession [org.apache.ibatis.session.defaults.DefaultSqlSession@577dd9ae] was not registered for synchronization because synchronization is not active
JDBC Connection [HikariProxyConnection@755876543 wrapping com.mysql.cj.jdbc.ConnectionImpl@35c8efa8] will not be managed by Spring
==>  Preparing: SELECT id,record_id,amount,pay_status,create_time FROM parking_order WHERE (record_id = ?)
==> Parameters: 61(Long)
<==    Columns: id, record_id, amount, pay_status, create_time
<==        Row: 61, 61, 0.00, 1, 2026-05-17 02:43:47
<==      Total: 1
Closing non transactional SqlSession [org.apache.ibatis.session.defaults.DefaultSqlSession@577dd9ae]
Creating a new SqlSession
SqlSession [org.apache.ibatis.session.defaults.DefaultSqlSession@4f9c0ba6] was not registered for synchronization because synchronization is not active
JDBC Connection [HikariProxyConnection@1989479250 wrapping com.mysql.cj.jdbc.ConnectionImpl@35c8efa8] will not be managed by Spring
==>  Preparing: SELECT id,record_id,amount,pay_status,create_time FROM parking_order WHERE (record_id = ?)
==> Parameters: 60(Long)
<==    Columns: id, record_id, amount, pay_status, create_time
<==        Row: 60, 60, 0.00, 1, 2026-05-17 02:43:44
<==      Total: 1
Closing non transactional SqlSession [org.apache.ibatis.session.defaults.DefaultSqlSession@4f9c0ba6]
Creating a new SqlSession
SqlSession [org.apache.ibatis.session.defaults.DefaultSqlSession@6915ab7d] was not registered for synchronization because synchronization is not active
JDBC Connection [HikariProxyConnection@1831481991 wrapping com.mysql.cj.jdbc.ConnectionImpl@35c8efa8] will not be managed by Spring
==>  Preparing: SELECT id,plate_number,space_id,entry_time,exit_time,status FROM parking_record ORDER BY id DESC
==> Parameters: 
<==    Columns: id, plate_number, space_id, entry_time, exit_time, status
<==        Row: 67, ÓĺBFU871, null, 2026-05-17 03:14:45, null, 0
<==        Row: 66, ÓĺBFU871, null, 2026-05-17 03:14:42, null, 0
<==        Row: 65, ÓĺBFU871, 3, 2026-05-17 03:14:40, null, 0
<==        Row: 64, Ľ˝T15888, null, 2026-05-17 02:44:02, 2026-05-17 03:14:37, 1
<==        Row: 63, Ľ˝T15888, null, 2026-05-17 02:43:59, null, 0
<==        Row: 62, Ľ˝T15888, null, 2026-05-17 02:43:56, null, 0
<==        Row: 61, Ľ˝T15888, null, 2026-05-17 02:43:48, null, 0
<==        Row: 60, Ľ˝T15888, 84, 2026-05-17 02:43:45, null, 0
<==      Total: 8
Closing non transactional SqlSession [org.apache.ibatis.session.defaults.DefaultSqlSession@6915ab7d]
Creating a new SqlSession
SqlSession [org.apache.ibatis.session.defaults.DefaultSqlSession@5dc04855] was not registered for synchronization because synchronization is not active
JDBC Connection [HikariProxyConnection@432688851 wrapping com.mysql.cj.jdbc.ConnectionImpl@35c8efa8] will not be managed by Spring
==>  Preparing: SELECT id,record_id,amount,pay_status,create_time FROM parking_order WHERE (record_id = ?)
==> Parameters: 67(Long)
<==    Columns: id, record_id, amount, pay_status, create_time
<==        Row: 67, 67, 0.00, 0, 2026-05-17 03:14:44
<==      Total: 1
Closing non transactional SqlSession [org.apache.ibatis.session.defaults.DefaultSqlSession@5dc04855]
Creating a new SqlSession
SqlSession [org.apache.ibatis.session.defaults.DefaultSqlSession@48075e09] was not registered for synchronization because synchronization is not active
JDBC Connection [HikariProxyConnection@400176572 wrapping com.mysql.cj.jdbc.ConnectionImpl@35c8efa8] will not be managed by Spring
==>  Preparing: SELECT id,record_id,amount,pay_status,create_time FROM parking_order WHERE (record_id = ?)
==> Parameters: 66(Long)
<==    Columns: id, record_id, amount, pay_status, create_time
<==        Row: 66, 66, 0.00, 0, 2026-05-17 03:14:41
<==      Total: 1
Closing non transactional SqlSession [org.apache.ibatis.session.defaults.DefaultSqlSession@48075e09]
Creating a new SqlSession
SqlSession [org.apache.ibatis.session.defaults.DefaultSqlSession@3ecc9461] was not registered for synchronization because synchronization is not active
JDBC Connection [HikariProxyConnection@1279877799 wrapping com.mysql.cj.jdbc.ConnectionImpl@35c8efa8] will not be managed by Spring
==>  Preparing: SELECT id,record_id,amount,pay_status,create_time FROM parking_order WHERE (record_id = ?)
==> Parameters: 65(Long)
<==    Columns: id, record_id, amount, pay_status, create_time
<==        Row: 65, 65, 0.00, 0, 2026-05-17 03:14:40
<==      Total: 1
Closing non transactional SqlSession [org.apache.ibatis.session.defaults.DefaultSqlSession@3ecc9461]
Creating a new SqlSession
SqlSession [org.apache.ibatis.session.defaults.DefaultSqlSession@3c095217] was not registered for synchronization because synchronization is not active
JDBC Connection [HikariProxyConnection@1723639403 wrapping com.mysql.cj.jdbc.ConnectionImpl@35c8efa8] will not be managed by Spring
==>  Preparing: SELECT id,record_id,amount,pay_status,create_time FROM parking_order WHERE (record_id = ?)
==> Parameters: 64(Long)
<==    Columns: id, record_id, amount, pay_status, create_time
<==        Row: 64, 64, 0.00, 1, 2026-05-17 02:44:01
<==      Total: 1
Closing non transactional SqlSession [org.apache.ibatis.session.defaults.DefaultSqlSession@3c095217]
Creating a new SqlSession
SqlSession [org.apache.ibatis.session.defaults.DefaultSqlSession@2d9963cb] was not registered for synchronization because synchronization is not active
JDBC Connection [HikariProxyConnection@1534461317 wrapping com.mysql.cj.jdbc.ConnectionImpl@35c8efa8] will not be managed by Spring
==>  Preparing: SELECT id,record_id,amount,pay_status,create_time FROM parking_order WHERE (record_id = ?)
==> Parameters: 63(Long)
<==    Columns: id, record_id, amount, pay_status, create_time
<==        Row: 63, 63, 0.00, 1, 2026-05-17 02:43:58
<==      Total: 1
Closing non transactional SqlSession [org.apache.ibatis.session.defaults.DefaultSqlSession@2d9963cb]
Creating a new SqlSession
SqlSession [org.apache.ibatis.session.defaults.DefaultSqlSession@4234594] was not registered for synchronization because synchronization is not active
JDBC Connection [HikariProxyConnection@1656941024 wrapping com.mysql.cj.jdbc.ConnectionImpl@35c8efa8] will not be managed by Spring
==>  Preparing: SELECT id,record_id,amount,pay_status,create_time FROM parking_order WHERE (record_id = ?)
==> Parameters: 62(Long)
<==    Columns: id, record_id, amount, pay_status, create_time
<==        Row: 62, 62, 0.00, 1, 2026-05-17 02:43:56
<==      Total: 1
Closing non transactional SqlSession [org.apache.ibatis.session.defaults.DefaultSqlSession@4234594]
Creating a new SqlSession
SqlSession [org.apache.ibatis.session.defaults.DefaultSqlSession@2798dcf] was not registered for synchronization because synchronization is not active
JDBC Connection [HikariProxyConnection@484997105 wrapping com.mysql.cj.jdbc.ConnectionImpl@35c8efa8] will not be managed by Spring
==>  Preparing: SELECT id,record_id,amount,pay_status,create_time FROM parking_order WHERE (record_id = ?)
==> Parameters: 61(Long)
<==    Columns: id, record_id, amount, pay_status, create_time
<==        Row: 61, 61, 0.00, 1, 2026-05-17 02:43:47
<==      Total: 1
Closing non transactional SqlSession [org.apache.ibatis.session.defaults.DefaultSqlSession@2798dcf]
Creating a new SqlSession
SqlSession [org.apache.ibatis.session.defaults.DefaultSqlSession@7c66ec45] was not registered for synchronization because synchronization is not active
JDBC Connection [HikariProxyConnection@842994163 wrapping com.mysql.cj.jdbc.ConnectionImpl@35c8efa8] will not be managed by Spring
==>  Preparing: SELECT id,record_id,amount,pay_status,create_time FROM parking_order WHERE (record_id = ?)
==> Parameters: 60(Long)
<==    Columns: id, record_id, amount, pay_status, create_time
<==        Row: 60, 60, 0.00, 1, 2026-05-17 02:43:44
<==      Total: 1
Closing non transactional SqlSession [org.apache.ibatis.session.defaults.DefaultSqlSession@7c66ec45]
